<?xml version="1.0" encoding="UTF-8"?>
<!-- Generated by org.testng.reporters.JUnitXMLReporter -->
<testsuite hostname="RUSHIT" ignored="0" name="Test" tests="2" failures="2" timestamp="31 Jul 2019 20:35:53 GMT" time="44.377" errors="0">
  <testcase name="TestFireFox" time="20.133" classname="Framework.FaceBokTest">
    <failure type="java.lang.AssertionError" message="expected [true] but found [false]">
      <![CDATA[java.lang.AssertionError: expected [true] but found [false]
	at Framework.FaceBokTest.TestFireFox(FaceBokTest.java:60)
... Removed 29 stack frames]]>
    </failure>
  </testcase> <!-- TestFireFox -->
  <testcase name="TestFireFox" time="15.627" classname="Framework.FaceBokTest">
    <failure type="java.lang.AssertionError" message="expected [true] but found [false]">
      <![CDATA[java.lang.AssertionError: expected [true] but found [false]
	at Framework.FaceBokTest.TestFireFox(FaceBokTest.java:60)
... Removed 29 stack frames]]>
    </failure>
  </testcase> <!-- TestFireFox -->
</testsuite> <!-- Test -->
