<?xml version="1.0" encoding="UTF-8"?>
<testng-results skipped="0" failed="0" ignored="0" total="1" passed="1">
  <reporter-output>
  </reporter-output>
  <suite name="Surefire suite" duration-ms="280" started-at="2019-05-25T03:26:02Z" finished-at="2019-05-25T03:26:02Z">
    <groups>
    </groups>
    <test name="Surefire test" duration-ms="280" started-at="2019-05-25T03:26:02Z" finished-at="2019-05-25T03:26:02Z">
      <class name="Framework.AppTest">
        <test-method status="PASS" signature="shouldAnswerWithTrue()" name="shouldAnswerWithTrue" duration-ms="84" started-at="2019-05-24T21:26:02Z" finished-at="2019-05-24T21:26:02Z">
          <reporter-output>
          </reporter-output>
        </test-method> <!-- shouldAnswerWithTrue -->
      </class> <!-- Framework.AppTest -->
    </test> <!-- Surefire test -->
  </suite> <!-- Surefire suite -->
</testng-results>
